[debug] > Exec(early(addDefaultCommands), None, None)
[debug] > Exec(addDefaultCommands, None, None)
[debug] > Exec(early(initialize), None, None)
[debug] > Exec(initialize, None, None)
[debug] > Exec(boot, None, None)
[debug] > Exec(writeSbtVersion, None, None)
[debug] > Exec(reload, None, None)
[debug] > Exec(sbtStashOnFailure, None, None)
[debug] > Exec(onFailure loadFailed, None, None)
[debug] > Exec(loadp, None, None)
[info] welcome to sbt 1.6.1 (Oracle Corporation Java 1.8.0_291)
[debug] Load.defaultLoad until apply took 1532.0984ms
[debug]           Load.loadUnit: plugins took 182.7278ms
[debug]           Load.loadUnit: defsScala took 0.5626ms
[debug] [Loading] Scanning directory C:\Users\srinath\Desktop\01-01-2022\project
[debug]             Load.loadUnit: mkEval took 10.685ms
[debug] [Loading] Found non-root projects 
[debug] [Loading] Done in C:\Users\srinath\Desktop\01-01-2022\project, returning: ()
[debug] deducing auto plugins based on known facts Set(Atom(sbt.plugins.CorePlugin)) and clauses Clauses(Clause(Atom(sbt.plugins.JvmPlugin),Set(Atom(sbt.plugins.IvyPlugin)))
[debug] Clause(Atom(sbt.ScriptedPlugin),Set(Atom(sbt.plugins.JvmPlugin)))
[debug] Clause(Atom(sbt.plugins.SbtPlugin),Set(Atom(sbt.ScriptedPlugin)))
[debug] Clause(Atom(sbt.plugins.SemanticdbPlugin),Set(Atom(sbt.plugins.JvmPlugin)))
[debug] Clause(Atom(sbt.plugins.JUnitXmlReportPlugin),Set(Atom(sbt.plugins.JvmPlugin)))
[debug] Clause(Atom(sbt.plugins.MiniDependencyTreePlugin),Set(Atom(sbt.plugins.JvmPlugin)))
[debug] Clause(Atom(sbt.plugins.CorePlugin),Set(Atom(sbt.plugins.IvyPlugin)))
[debug] Clause(Atom(sbt.plugins.IvyPlugin),Set(Atom(sbt.plugins.JvmPlugin)))
[debug] Clause(Atom(sbt.plugins.JvmPlugin),Set(Atom(sbt.plugins.SemanticdbPlugin)))
[debug] Clause(Atom(sbt.plugins.JvmPlugin),Set(Atom(sbt.plugins.JUnitXmlReportPlugin)))
[debug] Clause(Atom(sbt.plugins.CorePlugin),Set(Atom(sbt.plugins.Giter8TemplatePlugin)))
[debug] Clause(Atom(sbt.plugins.JvmPlugin),Set(Atom(sbt.plugins.MiniDependencyTreePlugin))))
[debug]   :: deduced result: Matched(sbt.plugins.CorePlugin,sbt.plugins.Giter8TemplatePlugin,sbt.plugins.IvyPlugin,sbt.plugins.JvmPlugin,sbt.plugins.MiniDependencyTreePlugin,sbt.plugins.JUnitXmlReportPlugin,sbt.plugins.SemanticdbPlugin)
[debug] Plugins.deducer#function took 28.777601 ms
[info] loading settings for project root-01-01-2022-build from plugins.sbt ...
[debug]               Load.resolveProject(root-01-01-2022-build) took 67.5794ms
[debug]             Load.loadTransitive: finalizeProject(Project(id root-01-01-2022-build, base: C:\Users\srinath\Desktop\01-01-2022\project, plugins: List(<none>))) took 133.737499ms
[debug] [Loading] Done in C:\Users\srinath\Desktop\01-01-2022\project, returning: (root-01-01-2022-build)
[debug]           Load.loadUnit: loadedProjectsRaw took 496.713599ms
[debug]           Load.loadUnit: cleanEvalClasses took 12.2163ms
[debug]         Load.loadUnit(file:/C:/Users/srinath/Desktop/01-01-2022/project/, ...) took 700.9789ms
[debug]       Load.apply: load took 931.9405ms
[debug]       Load.apply: resolveProjects took 13.4077ms
[debug]       Load.apply: finalTransforms took 116.3183ms
[debug]       Load.apply: config.delegates took 14.7385ms
[debug]       Load.apply: Def.make(settings)... took 1015.314899ms
[debug]       Load.apply: structureIndex took 217.7702ms
[debug]       Load.apply: mkStreams took 3.519601ms
[info] loading project definition from C:\Users\srinath\Desktop\01-01-2022\project
[debug] Running task... Cancel: Signal, check cycles: false, forcegc: true
[debug]     Load.loadUnit: plugins took 4402.4711ms
[debug]     Load.loadUnit: defsScala took 0.008901ms
[debug] [Loading] Scanning directory C:\Users\srinath\Desktop\01-01-2022
[debug]       Load.loadUnit: mkEval took 0.680701ms
[debug] [Loading] Found non-root projects 
[debug] [Loading] Done in C:\Users\srinath\Desktop\01-01-2022, returning: ()
[debug] deducing auto plugins based on known facts Set(Atom(sbt.plugins.CorePlugin)) and clauses Clauses(Clause(Atom(sbt.plugins.JvmPlugin),Set(Atom(sbt.plugins.IvyPlugin)))
[debug] Clause(Atom(sbt.ScriptedPlugin),Set(Atom(sbt.plugins.JvmPlugin)))
[debug] Clause(Atom(sbt.plugins.SbtPlugin),Set(Atom(sbt.ScriptedPlugin)))
[debug] Clause(Atom(sbt.plugins.SemanticdbPlugin),Set(Atom(sbt.plugins.JvmPlugin)))
[debug] Clause(Atom(sbt.plugins.JUnitXmlReportPlugin),Set(Atom(sbt.plugins.JvmPlugin)))
[debug] Clause(Atom(sbt.plugins.MiniDependencyTreePlugin),Set(Atom(sbt.plugins.JvmPlugin)))
[debug] Clause(Atom(sbtprotoc.ProtocPlugin),Set(Atom(sbt.plugins.JvmPlugin)))
[debug] Clause(Atom(org.portablescala.sbtplatformdeps.PlatformDepsPlugin),Set(Atom(sbt.plugins.JvmPlugin)))
[debug] Clause(Atom(sbt.plugins.CorePlugin),Set(Atom(sbt.plugins.IvyPlugin)))
[debug] Clause(Atom(sbt.plugins.IvyPlugin),Set(Atom(sbt.plugins.JvmPlugin)))
[debug] Clause(Atom(sbt.plugins.JvmPlugin),Set(Atom(sbt.plugins.SemanticdbPlugin)))
[debug] Clause(Atom(sbt.plugins.JvmPlugin),Set(Atom(sbt.plugins.JUnitXmlReportPlugin)))
[debug] Clause(Atom(sbt.plugins.CorePlugin),Set(Atom(sbt.plugins.Giter8TemplatePlugin)))
[debug] Clause(Atom(sbt.plugins.JvmPlugin),Set(Atom(sbt.plugins.MiniDependencyTreePlugin)))
[debug] Clause(Atom(sbt.plugins.JvmPlugin),Set(Atom(sbtprotoc.ProtocPlugin)))
[debug] Clause(Atom(sbt.plugins.JvmPlugin),Set(Atom(org.portablescala.sbtplatformdeps.PlatformDepsPlugin))))
[debug]   :: deduced result: Matched(sbt.plugins.CorePlugin,sbt.plugins.Giter8TemplatePlugin,sbt.plugins.IvyPlugin,sbt.plugins.JvmPlugin,org.portablescala.sbtplatformdeps.PlatformDepsPlugin,sbt.plugins.SemanticdbPlugin,sbt.plugins.JUnitXmlReportPlugin,sbtprotoc.ProtocPlugin,sbt.plugins.MiniDependencyTreePlugin)
[debug] Plugins.deducer#function took 5.0277 ms
[info] loading settings for project root-01-01-2022 from build.sbt ...
[debug]         Load.resolveProject(root-01-01-2022) took 14.627899ms
[debug]       Load.loadTransitive: finalizeProject(Project(id root-01-01-2022, base: C:\Users\srinath\Desktop\01-01-2022, plugins: List(<none>))) took 20.892301ms
[debug] [Loading] Done in C:\Users\srinath\Desktop\01-01-2022, returning: (root-01-01-2022)
[debug]     Load.loadUnit: loadedProjectsRaw took 304.8419ms
[debug]     Load.loadUnit: cleanEvalClasses took 7.6344ms
[debug]   Load.loadUnit(file:/C:/Users/srinath/Desktop/01-01-2022/, ...) took 4717.5028ms
[debug] Load.apply: load took 4742.957701ms
[debug] Load.apply: resolveProjects took 0.2553ms
[debug] Load.apply: finalTransforms took 24.3882ms
[debug] Load.apply: config.delegates took 0.8524ms
[debug] Load.apply: Def.make(settings)... took 220.989401ms
[debug] Load.apply: structureIndex took 67.0813ms
[debug] Load.apply: mkStreams took 0.003399ms
[info] set current project to scalagRPC (in build file:/C:/Users/srinath/Desktop/01-01-2022/)
[debug] > Exec(sbtPopOnFailure, None, None)
[debug] > Exec(resumeFromFailure, None, None)
[debug] > Exec(notifyUsersAboutShell, None, None)
[debug] > Exec(iflast shell, None, None)
[debug] > Exec(run, None, None)
[debug] Evaluating tasks: Compile / run
[debug] Running task... Cancel: Signal, check cycles: false, forcegc: true
