[debug] > Exec(early(addDefaultCommands), None, None)
[debug] > Exec(addDefaultCommands, None, None)
[debug] > Exec(early(initialize), None, None)
[debug] > Exec(initialize, None, None)
[debug] > Exec(boot, None, None)
[debug] > Exec(writeSbtVersion, None, None)
[debug] > Exec(reload, None, None)
[debug] > Exec(sbtStashOnFailure, None, None)
[debug] > Exec(onFailure loadFailed, None, None)
[debug] > Exec(loadp, None, None)
[info] welcome to sbt 1.6.1 (Oracle Corporation Java 1.8.0_291)
[debug] Load.defaultLoad until apply took 1401.170301ms
[debug]           Load.loadUnit: plugins took 175.5999ms
[debug]           Load.loadUnit: defsScala took 0.6328ms
[debug] [Loading] Scanning directory C:\Users\srinath\Desktop\01-01-2022\project
[debug]             Load.loadUnit: mkEval took 11.1846ms
[debug] [Loading] Found non-root projects 
[debug] [Loading] Done in C:\Users\srinath\Desktop\01-01-2022\project, returning: ()
[debug] deducing auto plugins based on known facts Set(Atom(sbt.plugins.CorePlugin)) and clauses Clauses(Clause(Atom(sbt.plugins.JvmPlugin),Set(Atom(sbt.plugins.IvyPlugin)))
[debug] Clause(Atom(sbt.ScriptedPlugin),Set(Atom(sbt.plugins.JvmPlugin)))
[debug] Clause(Atom(sbt.plugins.SbtPlugin),Set(Atom(sbt.ScriptedPlugin)))
[debug] Clause(Atom(sbt.plugins.SemanticdbPlugin),Set(Atom(sbt.plugins.JvmPlugin)))
[debug] Clause(Atom(sbt.plugins.JUnitXmlReportPlugin),Set(Atom(sbt.plugins.JvmPlugin)))
[debug] Clause(Atom(sbt.plugins.MiniDependencyTreePlugin),Set(Atom(sbt.plugins.JvmPlugin)))
[debug] Clause(Atom(sbt.plugins.CorePlugin),Set(Atom(sbt.plugins.IvyPlugin)))
[debug] Clause(Atom(sbt.plugins.IvyPlugin),Set(Atom(sbt.plugins.JvmPlugin)))
[debug] Clause(Atom(sbt.plugins.JvmPlugin),Set(Atom(sbt.plugins.SemanticdbPlugin)))
[debug] Clause(Atom(sbt.plugins.JvmPlugin),Set(Atom(sbt.plugins.JUnitXmlReportPlugin)))
[debug] Clause(Atom(sbt.plugins.CorePlugin),Set(Atom(sbt.plugins.Giter8TemplatePlugin)))
[debug] Clause(Atom(sbt.plugins.JvmPlugin),Set(Atom(sbt.plugins.MiniDependencyTreePlugin))))
[debug]   :: deduced result: Matched(sbt.plugins.CorePlugin,sbt.plugins.Giter8TemplatePlugin,sbt.plugins.IvyPlugin,sbt.plugins.JvmPlugin,sbt.plugins.MiniDependencyTreePlugin,sbt.plugins.JUnitXmlReportPlugin,sbt.plugins.SemanticdbPlugin)
[debug] Plugins.deducer#function took 25.913399 ms
[info] loading settings for project root-01-01-2022-build from plugins.sbt ...
[debug]               Load.resolveProject(root-01-01-2022-build) took 77.1483ms
[debug]             Load.loadTransitive: finalizeProject(Project(id root-01-01-2022-build, base: C:\Users\srinath\Desktop\01-01-2022\project, plugins: List(<none>))) took 154.0156ms
[debug] [Loading] Done in C:\Users\srinath\Desktop\01-01-2022\project, returning: (root-01-01-2022-build)
[debug]           Load.loadUnit: loadedProjectsRaw took 556.562101ms
[debug]           Load.loadUnit: cleanEvalClasses took 13.982399ms
[debug]         Load.loadUnit(file:/C:/Users/srinath/Desktop/01-01-2022/project/, ...) took 755.6766ms
[debug]       Load.apply: load took 940.1449ms
[debug]       Load.apply: resolveProjects took 6.9649ms
[debug]       Load.apply: finalTransforms took 106.921899ms
[debug]       Load.apply: config.delegates took 14.0157ms
[debug]       Load.apply: Def.make(settings)... took 1023.335501ms
[debug]       Load.apply: structureIndex took 223.185301ms
[debug]       Load.apply: mkStreams took 2.636001ms
[info] loading project definition from C:\Users\srinath\Desktop\01-01-2022\project
[debug] Running task... Cancel: Signal, check cycles: false, forcegc: true
[debug]     Load.loadUnit: plugins took 4393.687499ms
[debug]     Load.loadUnit: defsScala took 0.008899ms
[debug] [Loading] Scanning directory C:\Users\srinath\Desktop\01-01-2022
[debug]       Load.loadUnit: mkEval took 0.9824ms
[debug] [Loading] Found non-root projects 
[debug] [Loading] Done in C:\Users\srinath\Desktop\01-01-2022, returning: ()
[debug] deducing auto plugins based on known facts Set(Atom(sbt.plugins.CorePlugin)) and clauses Clauses(Clause(Atom(sbt.plugins.JvmPlugin),Set(Atom(sbt.plugins.IvyPlugin)))
[debug] Clause(Atom(sbt.ScriptedPlugin),Set(Atom(sbt.plugins.JvmPlugin)))
[debug] Clause(Atom(sbt.plugins.SbtPlugin),Set(Atom(sbt.ScriptedPlugin)))
[debug] Clause(Atom(sbt.plugins.SemanticdbPlugin),Set(Atom(sbt.plugins.JvmPlugin)))
[debug] Clause(Atom(sbt.plugins.JUnitXmlReportPlugin),Set(Atom(sbt.plugins.JvmPlugin)))
[debug] Clause(Atom(sbt.plugins.MiniDependencyTreePlugin),Set(Atom(sbt.plugins.JvmPlugin)))
[debug] Clause(Atom(sbtprotoc.ProtocPlugin),Set(Atom(sbt.plugins.JvmPlugin)))
[debug] Clause(Atom(org.portablescala.sbtplatformdeps.PlatformDepsPlugin),Set(Atom(sbt.plugins.JvmPlugin)))
[debug] Clause(Atom(sbt.plugins.CorePlugin),Set(Atom(sbt.plugins.IvyPlugin)))
[debug] Clause(Atom(sbt.plugins.IvyPlugin),Set(Atom(sbt.plugins.JvmPlugin)))
[debug] Clause(Atom(sbt.plugins.JvmPlugin),Set(Atom(sbt.plugins.SemanticdbPlugin)))
[debug] Clause(Atom(sbt.plugins.JvmPlugin),Set(Atom(sbt.plugins.JUnitXmlReportPlugin)))
[debug] Clause(Atom(sbt.plugins.CorePlugin),Set(Atom(sbt.plugins.Giter8TemplatePlugin)))
[debug] Clause(Atom(sbt.plugins.JvmPlugin),Set(Atom(sbt.plugins.MiniDependencyTreePlugin)))
[debug] Clause(Atom(sbt.plugins.JvmPlugin),Set(Atom(sbtprotoc.ProtocPlugin)))
[debug] Clause(Atom(sbt.plugins.JvmPlugin),Set(Atom(org.portablescala.sbtplatformdeps.PlatformDepsPlugin))))
[debug]   :: deduced result: Matched(sbt.plugins.CorePlugin,sbt.plugins.Giter8TemplatePlugin,sbt.plugins.IvyPlugin,sbt.plugins.JvmPlugin,org.portablescala.sbtplatformdeps.PlatformDepsPlugin,sbt.plugins.SemanticdbPlugin,sbt.plugins.JUnitXmlReportPlugin,sbtprotoc.ProtocPlugin,sbt.plugins.MiniDependencyTreePlugin)
[debug] Plugins.deducer#function took 4.7693 ms
[info] loading settings for project root-01-01-2022 from build.sbt ...
[debug]         Load.resolveProject(root-01-01-2022) took 15.176399ms
[debug]       Load.loadTransitive: finalizeProject(Project(id root-01-01-2022, base: C:\Users\srinath\Desktop\01-01-2022, plugins: List(<none>))) took 21.0665ms
[debug] [Loading] Done in C:\Users\srinath\Desktop\01-01-2022, returning: (root-01-01-2022)
[debug]     Load.loadUnit: loadedProjectsRaw took 300.0854ms
[debug]     Load.loadUnit: cleanEvalClasses took 5.7293ms
[debug]   Load.loadUnit(file:/C:/Users/srinath/Desktop/01-01-2022/, ...) took 4701.942ms
[debug] Load.apply: load took 4731.984201ms
[debug] Load.apply: resolveProjects took 0.459099ms
[debug] Load.apply: finalTransforms took 19.787ms
[debug] Load.apply: config.delegates took 1.1784ms
[debug] Load.apply: Def.make(settings)... took 301.766799ms
[debug] Load.apply: structureIndex took 72.4099ms
[debug] Load.apply: mkStreams took 0.004301ms
[info] set current project to scalagRPC (in build file:/C:/Users/srinath/Desktop/01-01-2022/)
[debug] > Exec(sbtPopOnFailure, None, None)
[debug] > Exec(resumeFromFailure, None, None)
[debug] > Exec(notifyUsersAboutShell, None, None)
[debug] > Exec(iflast shell, None, None)
[debug] > Exec(run, None, None)
[debug] Evaluating tasks: Compile / run
[debug] Running task... Cancel: Signal, check cycles: false, forcegc: true
